{"numTotalTestSuites":1,"numPassedTestSuites":0,"numFailedTestSuites":1,"numPendingTestSuites":0,"numTotalTests":0,"numPassedTests":0,"numFailedTests":0,"numPendingTests":0,"numTodoTests":0,"startTime":1754618616120,"success":false,"testResults":[{"assertionResults":[],"startTime":1754618616120,"endTime":1754618616120,"status":"failed","message":"Transform failed with 1 error:\n/Users/Chris/Projects/CosmicHub/packages/config/src/testing/designSystem.test.ts:375:38: ERROR: Expected \")\" but found \":\"","name":"/Users/Chris/Projects/CosmicHub/packages/config/src/testing/designSystem.test.ts"}]}