{"numTotalTestSuites":38,"numPassedTestSuites":38,"numFailedTestSuites":0,"numPendingTestSuites":0,"numTotalTests":72,"numPassedTests":72,"numFailedTests":0,"numPendingTests":0,"numTodoTests":0,"startTime":1754770641697,"success":true,"testResults":[{"assertionResults":[{"ancestorTitles":["","Component Library Optimization Suite","Bug Detection"],"fullName":" Component Library Optimization Suite Bug Detection should detect undefined function references","status":"passed","title":"should detect undefined function references","duration":1,"failureMessages":[]},{"ancestorTitles":["","Component Library Optimization Suite","Bug Detection"],"fullName":" Component Library Optimization Suite Bug Detection should detect missing key props in lists","status":"passed","title":"should detect missing key props in lists","duration":0,"failureMessages":[]},{"ancestorTitles":["","Component Library Optimization Suite","Bug Detection"],"fullName":" Component Library Optimization Suite Bug Detection should detect potential memory leaks","status":"passed","title":"should detect potential memory leaks","duration":0,"failureMessages":[]},{"ancestorTitles":["","Component Library Optimization Suite","Accessibility Analysis"],"fullName":" Component Library Optimization Suite Accessibility Analysis should detect missing ARIA labels","status":"passed","title":"should detect missing ARIA labels","duration":1,"failureMessages":[]},{"ancestorTitles":["","Component Library Optimization Suite","Accessibility Analysis"],"fullName":" Component Library Optimization Suite Accessibility Analysis should detect focus management issues","status":"passed","title":"should detect focus management issues","duration":0,"failureMessages":[]},{"ancestorTitles":["","Component Library Optimization Suite","Performance Analysis"],"fullName":" Component Library Optimization Suite Performance Analysis should detect missing memoization opportunities","status":"passed","title":"should detect missing memoization opportunities","duration":0,"failureMessages":[]},{"ancestorTitles":["","Component Library Optimization Suite","Performance Analysis"],"fullName":" Component Library Optimization Suite Performance Analysis should detect inline object creation","status":"passed","title":"should detect inline object creation","duration":0,"failureMessages":[]},{"ancestorTitles":["","Component Library Optimization Suite","Design System Compliance"],"fullName":" Component Library Optimization Suite Design System Compliance should detect hardcoded colors","status":"passed","title":"should detect hardcoded colors","duration":0,"failureMessages":[]},{"ancestorTitles":["","Component Library Optimization Suite","Design System Compliance"],"fullName":" Component Library Optimization Suite Design System Compliance should promote design token usage","status":"passed","title":"should promote design token usage","duration":0,"failureMessages":[]},{"ancestorTitles":["","Component Library Optimization Suite","Pattern Compliance"],"fullName":" Component Library Optimization Suite Pattern Compliance should validate component against established patterns","status":"passed","title":"should validate component against established patterns","duration":0,"failureMessages":[]},{"ancestorTitles":["","Component Library Optimization Suite","Component Optimization"],"fullName":" Component Library Optimization Suite Component Optimization should generate optimization recommendations","status":"passed","title":"should generate optimization recommendations","duration":1,"failureMessages":[]},{"ancestorTitles":["","Component Library Optimization Suite","Auto-Fix Capabilities"],"fullName":" Component Library Optimization Suite Auto-Fix Capabilities should auto-fix undefined function references","status":"passed","title":"should auto-fix undefined function references","duration":0,"failureMessages":[]},{"ancestorTitles":["","Component Library Optimization Suite","Auto-Fix Capabilities"],"fullName":" Component Library Optimization Suite Auto-Fix Capabilities should auto-fix ARIA boolean values","status":"passed","title":"should auto-fix ARIA boolean values","duration":0,"failureMessages":[]},{"ancestorTitles":["","Component Library Optimization Suite","Library Report Generation"],"fullName":" Component Library Optimization Suite Library Report Generation should generate comprehensive component library report","status":"passed","title":"should generate comprehensive component library report","duration":1,"failureMessages":[]},{"ancestorTitles":["","Component Library Optimization Suite","Library Report Generation"],"fullName":" Component Library Optimization Suite Library Report Generation should provide actionable improvement guidance","status":"passed","title":"should provide actionable improvement guidance","duration":1,"failureMessages":[]}],"startTime":1754770643235,"endTime":1754770643241,"status":"passed","message":"","name":"/Users/Chris/Projects/CosmicHub/packages/config/src/optimization/componentLibrary.test.ts"},{"assertionResults":[{"ancestorTitles":["","Testing Infrastructure"],"fullName":" Testing Infrastructure should run basic tests","status":"passed","title":"should run basic tests","duration":0,"failureMessages":[]},{"ancestorTitles":["","Testing Infrastructure"],"fullName":" Testing Infrastructure should validate test environment","status":"passed","title":"should validate test environment","duration":0,"failureMessages":[]},{"ancestorTitles":["","Testing Infrastructure"],"fullName":" Testing Infrastructure should support async tests","status":"passed","title":"should support async tests","duration":0,"failureMessages":[]}],"startTime":1754770643760,"endTime":1754770643760,"status":"passed","message":"","name":"/Users/Chris/Projects/CosmicHub/packages/config/src/testing/basic.test.ts"},{"assertionResults":[{"ancestorTitles":["","Design System Validation Suite","Design Token System"],"fullName":" Design System Validation Suite Design Token System should provide comprehensive design tokens","status":"passed","title":"should provide comprehensive design tokens","duration":0,"failureMessages":[]},{"ancestorTitles":["","Design System Validation Suite","Design Token System"],"fullName":" Design System Validation Suite Design Token System should maintain consistent color scale structure","status":"passed","title":"should maintain consistent color scale structure","duration":1,"failureMessages":[]},{"ancestorTitles":["","Design System Validation Suite","Design Token System"],"fullName":" Design System Validation Suite Design Token System should provide scalable typography system","status":"passed","title":"should provide scalable typography system","duration":1,"failureMessages":[]},{"ancestorTitles":["","Design System Validation Suite","Design Token System"],"fullName":" Design System Validation Suite Design Token System should provide consistent spacing scale","status":"passed","title":"should provide consistent spacing scale","duration":0,"failureMessages":[]},{"ancestorTitles":["","Design System Validation Suite","Component Pattern System"],"fullName":" Design System Validation Suite Component Pattern System should define comprehensive component patterns","status":"passed","title":"should define comprehensive component patterns","duration":1,"failureMessages":[]},{"ancestorTitles":["","Design System Validation Suite","Component Pattern System"],"fullName":" Design System Validation Suite Component Pattern System should provide pattern-specific guidance","status":"passed","title":"should provide pattern-specific guidance","duration":2,"failureMessages":[]},{"ancestorTitles":["","Design System Validation Suite","Component Pattern System"],"fullName":" Design System Validation Suite Component Pattern System should validate input pattern requirements","status":"passed","title":"should validate input pattern requirements","duration":0,"failureMessages":[]},{"ancestorTitles":["","Design System Validation Suite","Component Pattern System"],"fullName":" Design System Validation Suite Component Pattern System should validate modal pattern requirements","status":"passed","title":"should validate modal pattern requirements","duration":0,"failureMessages":[]},{"ancestorTitles":["","Design System Validation Suite","Design Consistency Analysis"],"fullName":" Design System Validation Suite Design Consistency Analysis should analyze component design consistency","status":"passed","title":"should analyze component design consistency","duration":1,"failureMessages":[]},{"ancestorTitles":["","Design System Validation Suite","Design Consistency Analysis"],"fullName":" Design System Validation Suite Design Consistency Analysis should categorize and prioritize design issues","status":"passed","title":"should categorize and prioritize design issues","duration":2,"failureMessages":[]},{"ancestorTitles":["","Design System Validation Suite","Design Consistency Analysis"],"fullName":" Design System Validation Suite Design Consistency Analysis should track design token usage","status":"passed","title":"should track design token usage","duration":0,"failureMessages":[]},{"ancestorTitles":["","Design System Validation Suite","Design Consistency Analysis"],"fullName":" Design System Validation Suite Design Consistency Analysis should provide actionable recommendations","status":"passed","title":"should provide actionable recommendations","duration":1,"failureMessages":[]},{"ancestorTitles":["","Design System Validation Suite","Design Consistency Analysis"],"fullName":" Design System Validation Suite Design Consistency Analysis should generate comprehensive design system report","status":"passed","title":"should generate comprehensive design system report","duration":0,"failureMessages":[]},{"ancestorTitles":["","Design System Validation Suite","Design System Quality Gates"],"fullName":" Design System Validation Suite Design System Quality Gates should enforce design consistency standards","status":"passed","title":"should enforce design consistency standards","duration":0,"failureMessages":[]},{"ancestorTitles":["","Design System Validation Suite","Design System Quality Gates"],"fullName":" Design System Validation Suite Design System Quality Gates should validate pattern compliance","status":"passed","title":"should validate pattern compliance","duration":0,"failureMessages":[]},{"ancestorTitles":["","Design System Validation Suite","Design System Quality Gates"],"fullName":" Design System Validation Suite Design System Quality Gates should validate design token adoption","status":"passed","title":"should validate design token adoption","duration":1,"failureMessages":[]},{"ancestorTitles":["","Design System Validation Suite","Design System Quality Gates"],"fullName":" Design System Validation Suite Design System Quality Gates should guide design system improvement","status":"passed","title":"should guide design system improvement","duration":0,"failureMessages":[]}],"startTime":1754770643282,"endTime":1754770643292,"status":"passed","message":"","name":"/Users/Chris/Projects/CosmicHub/packages/config/src/testing/designSystem.test.ts"},{"assertionResults":[{"ancestorTitles":["","Comprehensive Testing Infrastructure Integration","Testing Infrastructure Validation"],"fullName":" Comprehensive Testing Infrastructure Integration Testing Infrastructure Validation should provide enhanced test utilities","status":"passed","title":"should provide enhanced test utilities","duration":1,"failureMessages":[]},{"ancestorTitles":["","Comprehensive Testing Infrastructure Integration","Testing Infrastructure Validation"],"fullName":" Comprehensive Testing Infrastructure Integration Testing Infrastructure Validation should render components with all providers","status":"passed","title":"should render components with all providers","duration":49,"failureMessages":[]},{"ancestorTitles":["","Comprehensive Testing Infrastructure Integration","Testing Infrastructure Validation"],"fullName":" Comprehensive Testing Infrastructure Integration Testing Infrastructure Validation should measure render performance accurately","status":"passed","title":"should measure render performance accurately","duration":11,"failureMessages":[]},{"ancestorTitles":["","Comprehensive Testing Infrastructure Integration","Testing Infrastructure Validation"],"fullName":" Comprehensive Testing Infrastructure Integration Testing Infrastructure Validation should validate accessibility compliance","status":"passed","title":"should validate accessibility compliance","duration":7,"failureMessages":[]},{"ancestorTitles":["","Comprehensive Testing Infrastructure Integration","Testing Infrastructure Validation"],"fullName":" Comprehensive Testing Infrastructure Integration Testing Infrastructure Validation should validate modal accessibility","status":"passed","title":"should validate modal accessibility","duration":4,"failureMessages":[]},{"ancestorTitles":["","Comprehensive Testing Infrastructure Integration","Performance Monitoring Integration"],"fullName":" Comprehensive Testing Infrastructure Integration Performance Monitoring Integration should track component performance metrics","status":"passed","title":"should track component performance metrics","duration":1,"failureMessages":[]},{"ancestorTitles":["","Comprehensive Testing Infrastructure Integration","Performance Monitoring Integration"],"fullName":" Comprehensive Testing Infrastructure Integration Performance Monitoring Integration should validate performance thresholds","status":"passed","title":"should validate performance thresholds","duration":5,"failureMessages":[]},{"ancestorTitles":["","Comprehensive Testing Infrastructure Integration","Test Runner Integration"],"fullName":" Comprehensive Testing Infrastructure Integration Test Runner Integration should execute test suites with comprehensive reporting","status":"passed","title":"should execute test suites with comprehensive reporting","duration":12,"failureMessages":[]},{"ancestorTitles":["","Comprehensive Testing Infrastructure Integration","Data Mocking and Factory Functions"],"fullName":" Comprehensive Testing Infrastructure Integration Data Mocking and Factory Functions should generate realistic birth data","status":"passed","title":"should generate realistic birth data","duration":1,"failureMessages":[]},{"ancestorTitles":["","Comprehensive Testing Infrastructure Integration","Data Mocking and Factory Functions"],"fullName":" Comprehensive Testing Infrastructure Integration Data Mocking and Factory Functions should generate complete chart data structures","status":"passed","title":"should generate complete chart data structures","duration":4,"failureMessages":[]},{"ancestorTitles":["","Comprehensive Testing Infrastructure Integration","End-to-End Quality Assurance"],"fullName":" Comprehensive Testing Infrastructure Integration End-to-End Quality Assurance should validate complete application quality metrics","status":"passed","title":"should validate complete application quality metrics","duration":10,"failureMessages":[]}],"startTime":1754770643312,"endTime":1754770643418,"status":"passed","message":"","name":"/Users/Chris/Projects/CosmicHub/packages/config/src/testing/integration.test.tsx"},{"assertionResults":[{"ancestorTitles":["","Performance Testing Infrastructure Demo"],"fullName":" Performance Testing Infrastructure Demo should measure render performance","status":"passed","title":"should measure render performance","duration":0,"failureMessages":[]},{"ancestorTitles":["","Performance Testing Infrastructure Demo"],"fullName":" Performance Testing Infrastructure Demo should validate fast render times","status":"passed","title":"should validate fast render times","duration":0,"failureMessages":[]},{"ancestorTitles":["","Performance Testing Infrastructure Demo"],"fullName":" Performance Testing Infrastructure Demo should track performance metrics","status":"passed","title":"should track performance metrics","duration":1,"failureMessages":[]}],"startTime":1754770643744,"endTime":1754770643745,"status":"passed","message":"","name":"/Users/Chris/Projects/CosmicHub/packages/config/src/testing/performance.test.ts"},{"assertionResults":[{"ancestorTitles":["","Quality Assurance System Validation","Component Testing Framework"],"fullName":" Quality Assurance System Validation Component Testing Framework should validate button component quality","status":"passed","title":"should validate button component quality","duration":23,"failureMessages":[]},{"ancestorTitles":["","Quality Assurance System Validation","Component Testing Framework"],"fullName":" Quality Assurance System Validation Component Testing Framework should validate modal component quality","status":"passed","title":"should validate modal component quality","duration":0,"failureMessages":[]},{"ancestorTitles":["","Quality Assurance System Validation","Component Testing Framework"],"fullName":" Quality Assurance System Validation Component Testing Framework should validate dropdown component accessibility","status":"passed","title":"should validate dropdown component accessibility","duration":2,"failureMessages":[]},{"ancestorTitles":["","Quality Assurance System Validation","Automated Quality Assurance"],"fullName":" Quality Assurance System Validation Automated Quality Assurance should run comprehensive codebase quality analysis","status":"passed","title":"should run comprehensive codebase quality analysis","duration":1,"failureMessages":[]},{"ancestorTitles":["","Quality Assurance System Validation","Automated Quality Assurance"],"fullName":" Quality Assurance System Validation Automated Quality Assurance should provide actionable quality recommendations","status":"passed","title":"should provide actionable quality recommendations","duration":0,"failureMessages":[]},{"ancestorTitles":["","Quality Assurance System Validation","Automated Quality Assurance"],"fullName":" Quality Assurance System Validation Automated Quality Assurance should track performance metrics across components","status":"passed","title":"should track performance metrics across components","duration":0,"failureMessages":[]},{"ancestorTitles":["","Quality Assurance System Validation","Automated Quality Assurance"],"fullName":" Quality Assurance System Validation Automated Quality Assurance should validate accessibility compliance across components","status":"passed","title":"should validate accessibility compliance across components","duration":0,"failureMessages":[]},{"ancestorTitles":["","Quality Assurance System Validation","Automated Quality Assurance"],"fullName":" Quality Assurance System Validation Automated Quality Assurance should generate comprehensive quality report","status":"passed","title":"should generate comprehensive quality report","duration":1,"failureMessages":[]},{"ancestorTitles":["","Quality Assurance System Validation","Quality Gates and Thresholds"],"fullName":" Quality Assurance System Validation Quality Gates and Thresholds should enforce minimum quality standards","status":"passed","title":"should enforce minimum quality standards","duration":1,"failureMessages":[]},{"ancestorTitles":["","Quality Assurance System Validation","Quality Gates and Thresholds"],"fullName":" Quality Assurance System Validation Quality Gates and Thresholds should validate overall project quality threshold","status":"passed","title":"should validate overall project quality threshold","duration":0,"failureMessages":[]},{"ancestorTitles":["","Quality Assurance System Validation","Quality Gates and Thresholds"],"fullName":" Quality Assurance System Validation Quality Gates and Thresholds should validate performance budget compliance","status":"passed","title":"should validate performance budget compliance","duration":1,"failureMessages":[]},{"ancestorTitles":["","Quality Assurance System Validation","Continuous Quality Improvement"],"fullName":" Quality Assurance System Validation Continuous Quality Improvement should track quality trends over time","status":"passed","title":"should track quality trends over time","duration":0,"failureMessages":[]},{"ancestorTitles":["","Quality Assurance System Validation","Continuous Quality Improvement"],"fullName":" Quality Assurance System Validation Continuous Quality Improvement should provide automated quality improvement suggestions","status":"passed","title":"should provide automated quality improvement suggestions","duration":1,"failureMessages":[]}],"startTime":1754770643314,"endTime":1754770643344,"status":"passed","message":"","name":"/Users/Chris/Projects/CosmicHub/packages/config/src/testing/qa.test.tsx"},{"assertionResults":[{"ancestorTitles":["","Quality Assurance System Validation","Automated Quality Assurance"],"fullName":" Quality Assurance System Validation Automated Quality Assurance should run comprehensive codebase quality analysis","status":"passed","title":"should run comprehensive codebase quality analysis","duration":1,"failureMessages":[]},{"ancestorTitles":["","Quality Assurance System Validation","Automated Quality Assurance"],"fullName":" Quality Assurance System Validation Automated Quality Assurance should provide actionable quality recommendations","status":"passed","title":"should provide actionable quality recommendations","duration":1,"failureMessages":[]},{"ancestorTitles":["","Quality Assurance System Validation","Automated Quality Assurance"],"fullName":" Quality Assurance System Validation Automated Quality Assurance should track performance metrics across components","status":"passed","title":"should track performance metrics across components","duration":0,"failureMessages":[]},{"ancestorTitles":["","Quality Assurance System Validation","Automated Quality Assurance"],"fullName":" Quality Assurance System Validation Automated Quality Assurance should validate accessibility compliance across components","status":"passed","title":"should validate accessibility compliance across components","duration":0,"failureMessages":[]},{"ancestorTitles":["","Quality Assurance System Validation","Automated Quality Assurance"],"fullName":" Quality Assurance System Validation Automated Quality Assurance should generate comprehensive quality report","status":"passed","title":"should generate comprehensive quality report","duration":15,"failureMessages":[]},{"ancestorTitles":["","Quality Assurance System Validation","Quality Gates and Thresholds"],"fullName":" Quality Assurance System Validation Quality Gates and Thresholds should enforce minimum quality standards","status":"passed","title":"should enforce minimum quality standards","duration":1,"failureMessages":[]},{"ancestorTitles":["","Quality Assurance System Validation","Quality Gates and Thresholds"],"fullName":" Quality Assurance System Validation Quality Gates and Thresholds should validate overall project quality threshold","status":"passed","title":"should validate overall project quality threshold","duration":0,"failureMessages":[]},{"ancestorTitles":["","Quality Assurance System Validation","Quality Gates and Thresholds"],"fullName":" Quality Assurance System Validation Quality Gates and Thresholds should validate performance budget compliance","status":"passed","title":"should validate performance budget compliance","duration":0,"failureMessages":[]},{"ancestorTitles":["","Quality Assurance System Validation","Quality Improvement Planning"],"fullName":" Quality Assurance System Validation Quality Improvement Planning should provide automated quality improvement suggestions","status":"passed","title":"should provide automated quality improvement suggestions","duration":1,"failureMessages":[]},{"ancestorTitles":["","Quality Assurance System Validation","Quality Improvement Planning"],"fullName":" Quality Assurance System Validation Quality Improvement Planning should demonstrate quality trend analysis","status":"passed","title":"should demonstrate quality trend analysis","duration":1,"failureMessages":[]}],"startTime":1754770643204,"endTime":1754770643225,"status":"passed","message":"","name":"/Users/Chris/Projects/CosmicHub/packages/config/src/testing/qaSimple.test.ts"}]}